<?xml version="1.0" encoding="UTF-8"?>
<!-- Generated by org.testng.reporters.JUnitReportReporter -->
<testsuite hostname="MININT-OH7C3JN" name="com.fanniemae.testcases.SDETTestCase" tests="1" failures="0" timestamp="20 Jul 2017 17:57:22 GMT" time="4.398" errors="0">
  <testcase name="loginPage" time="4.398" classname="com.fanniemae.testcases.SDETTestCase"/>
</testsuite> <!-- com.fanniemae.testcases.SDETTestCase -->
